#
# There is insufficient memory for the Java Runtime Environment to continue.
# Native memory allocation (mmap) failed to map 266338304 bytes for G1 virtual space
# Possible reasons:
#   The system is out of physical RAM or swap space
#   The process is running with CompressedOops enabled, and the Java Heap may be blocking the growth of the native heap
# Possible solutions:
#   Reduce memory load on the system
#   Increase physical memory or swap space
#   Check if swap backing store is full
#   Decrease Java heap size (-Xmx/-Xms)
#   Decrease number of Java threads
#   Decrease Java thread stack sizes (-Xss)
#   Set larger code cache with -XX:ReservedCodeCacheSize=
#   JVM is running with Zero Based Compressed Oops mode in which the Java heap is
#     placed in the first 32GB address space. The Java Heap base address is the
#     maximum limit for the native heap growth. Please use -XX:HeapBaseMinAddress
#     to set the Java Heap base and to place the Java Heap above 32GB virtual address.
# This output file may be truncated or incomplete.
#
#  Out of Memory Error (os_windows.cpp:3469), pid=6516, tid=9740
#
# JRE version:  (17.0+35) (build )
# Java VM: Java HotSpot(TM) 64-Bit Server VM (17+35-LTS-2724, mixed mode, sharing, tiered, compressed oops, compressed class ptrs, g1 gc, windows-amd64)
# No core dump will be written. Minidumps are not enabled by default on client versions of Windows
#

---------------  S U M M A R Y ------------

Command Line: -Dfile.encoding=UTF-8 

Host: Intel(R) Core(TM) i7-9750H CPU @ 2.60GHz, 12 cores, 15G,  Windows 10 , 64 bit Build 19041 (10.0.19041.1202)
Time: Sun Oct 10 18:07:35 2021 SE Asia Standard Time elapsed time: 0.049412 seconds (0d 0h 0m 0s)

---------------  T H R E A D  ---------------

Current thread (0x000001b123e3c060):  JavaThread "Unknown thread" [_thread_in_vm, id=9740, stack(0x00000016ee900000,0x00000016eea00000)]

Stack: [0x00000016ee900000,0x00000016eea00000]
Native frames: (J=compiled Java code, j=interpreted, Vv=VM code, C=native code)
V  [jvm.dll+0x66f8ea]
V  [jvm.dll+0x7ce224]
V  [jvm.dll+0x7cf9ce]
V  [jvm.dll+0x7d0033]
V  [jvm.dll+0x242bb5]
V  [jvm.dll+0x66c909]
V  [jvm.dll+0x6613d2]
V  [jvm.dll+0x30082b]
V  [jvm.dll+0x307db6]
V  [jvm.dll+0x357a0e]
V  [jvm.dll+0x357c3f]
V  [jvm.dll+0x2d7ae8]
V  [jvm.dll+0x2d8a54]
V  [jvm.dll+0x7a00a1]
V  [jvm.dll+0x365781]
V  [jvm.dll+0x77f59c]
V  [jvm.dll+0x3e805f]
V  [jvm.dll+0x3e9b01]
C  [jli.dll+0x527b]
C  [ucrtbase.dll+0x21bb2]
C  [KERNEL32.DLL+0x17034]
C  [ntdll.dll+0x52651]


---------------  P R O C E S S  ---------------

Threads class SMR info:
_java_thread_list=0x00007ffe94167818, length=0, elements={
}

Java Threads: ( => current thread )

Other Threads:
  0x000001b123e8cf50 GCTaskThread "GC Thread#0" [stack: 0x00000016eea00000,0x00000016eeb00000] [id=26976]
  0x000001b123e9f310 ConcurrentGCThread "G1 Main Marker" [stack: 0x00000016eeb00000,0x00000016eec00000] [id=27984]
  0x000001b123e9fc30 ConcurrentGCThread "G1 Conc#0" [stack: 0x00000016eec00000,0x00000016eed00000] [id=1096]

[error occurred during error reporting (printing all threads), id 0xc0000005, EXCEPTION_ACCESS_VIOLATION (0xc0000005) at pc=0x00007ffe939b84c7]

VM state: not at safepoint (not fully initialized)

VM Mutex/Monitor currently owned by a thread:  ([mutex/lock_event])
[0x000001b123e38de0] Heap_lock - owner thread: 0x000001b123e3c060

Heap address: 0x0000000702400000, size: 4060 MB, Compressed Oops mode: Zero based, Oop shift amount: 3

CDS archive(s) mapped at: [0x0000000000000000-0x0000000000000000-0x0000000000000000), size 0, SharedBaseAddress: 0x0000000800000000, ArchiveRelocationMode: 0.
Narrow klass base: 0x0000000000000000, Narrow klass shift: 0, Narrow klass range: 0x0

GC Precious Log:
<Empty>

Heap:
 garbage-first heap   total 0K, used 0K [0x0000000702400000, 0x0000000800000000)
  region size 2048K, 0 young (0K), 0 survivors (0K)

[error occurred during error reporting (printing heap information), id 0xc0000005, EXCEPTION_ACCESS_VIOLATION (0xc0000005) at pc=0x00007ffe93d98c59]

GC Heap History (0 events):
No events

Deoptimization events (0 events):
No events

Classes unloaded (0 events):
No events

Classes redefined (0 events):
No events

Internal exceptions (0 events):
No events

VM Operations (0 events):
No events

Events (1 events):
Event: 0.028 Loaded shared library C:\Program Files\Java\jdk-17\bin\java.dll


Dynamic libraries:
0x00007ff76be80000 - 0x00007ff76be90000 	C:\Program Files\Java\jdk-17\bin\java.exe
0x00007fff0c7b0000 - 0x00007fff0c9a5000 	C:\WINDOWS\SYSTEM32\ntdll.dll
0x00007fff0c4e0000 - 0x00007fff0c59e000 	C:\WINDOWS\System32\KERNEL32.DLL
0x00007fff0a450000 - 0x00007fff0a719000 	C:\WINDOWS\System32\KERNELBASE.dll
0x00007fff0a0c0000 - 0x00007fff0a1c0000 	C:\WINDOWS\System32\ucrtbase.dll
0x00007ffee7be0000 - 0x00007ffee7bf8000 	C:\Program Files\Java\jdk-17\bin\jli.dll
0x00007fff0b2a0000 - 0x00007fff0b34c000 	C:\WINDOWS\System32\ADVAPI32.dll
0x00007ffee7bc0000 - 0x00007ffee7bda000 	C:\Program Files\Java\jdk-17\bin\VCRUNTIME140.dll
0x00007fff0c420000 - 0x00007fff0c4be000 	C:\WINDOWS\System32\msvcrt.dll
0x00007fff0b350000 - 0x00007fff0b3eb000 	C:\WINDOWS\System32\sechost.dll
0x00007fff0ac50000 - 0x00007fff0ad7a000 	C:\WINDOWS\System32\RPCRT4.dll
0x00007fff0ae30000 - 0x00007fff0afd1000 	C:\WINDOWS\System32\USER32.dll
0x00007ffef4980000 - 0x00007ffef4c1a000 	C:\WINDOWS\WinSxS\amd64_microsoft.windows.common-controls_6595b64144ccf1df_6.0.19041.1110_none_60b5254171f9507e\COMCTL32.dll
0x00007fff0a720000 - 0x00007fff0a742000 	C:\WINDOWS\System32\win32u.dll
0x00007fff0c5a0000 - 0x00007fff0c5cb000 	C:\WINDOWS\System32\GDI32.dll
0x00007fff09ed0000 - 0x00007fff09fdb000 	C:\WINDOWS\System32\gdi32full.dll
0x00007fff0a1c0000 - 0x00007fff0a25d000 	C:\WINDOWS\System32\msvcp_win.dll
0x00007fff036f0000 - 0x00007fff036fa000 	C:\WINDOWS\SYSTEM32\VERSION.dll
0x00007fff0b040000 - 0x00007fff0b070000 	C:\WINDOWS\System32\IMM32.DLL
0x00007ffee9570000 - 0x00007ffee957c000 	C:\Program Files\Java\jdk-17\bin\vcruntime140_1.dll
0x00007ffee0f50000 - 0x00007ffee0fdd000 	C:\Program Files\Java\jdk-17\bin\msvcp140.dll
0x00007ffe936d0000 - 0x00007ffe9428e000 	C:\Program Files\Java\jdk-17\bin\server\jvm.dll
0x00007fff0a800000 - 0x00007fff0a808000 	C:\WINDOWS\System32\PSAPI.DLL
0x00007ffef6cb0000 - 0x00007ffef6cb9000 	C:\WINDOWS\SYSTEM32\WSOCK32.dll
0x00007ffef4460000 - 0x00007ffef4487000 	C:\WINDOWS\SYSTEM32\WINMM.dll
0x00007fff0bce0000 - 0x00007fff0bd4b000 	C:\WINDOWS\System32\WS2_32.dll
0x00007fff08750000 - 0x00007fff08762000 	C:\WINDOWS\SYSTEM32\kernel.appcore.dll
0x00007ffee2110000 - 0x00007ffee211a000 	C:\Program Files\Java\jdk-17\bin\jimage.dll
0x00007fff08480000 - 0x00007fff08664000 	C:\WINDOWS\SYSTEM32\DBGHELP.DLL
0x00007ffef27e0000 - 0x00007ffef280c000 	C:\WINDOWS\SYSTEM32\dbgcore.DLL
0x00007fff0a260000 - 0x00007fff0a2e3000 	C:\WINDOWS\System32\bcryptPrimitives.dll
0x00007ffee0f20000 - 0x00007ffee0f45000 	C:\Program Files\Java\jdk-17\bin\java.dll

dbghelp: loaded successfully - version: 4.0.5 - missing functions: none
symbol engine: initialized successfully - sym options: 0x614 - pdb path: .;C:\Program Files\Java\jdk-17\bin;C:\WINDOWS\SYSTEM32;C:\WINDOWS\WinSxS\amd64_microsoft.windows.common-controls_6595b64144ccf1df_6.0.19041.1110_none_60b5254171f9507e;C:\Program Files\Java\jdk-17\bin\server

VM Arguments:
jvm_args: -Dfile.encoding=UTF-8 
java_command: <unknown>
java_class_path (initial): <not set>
Launcher Type: SUN_STANDARD

[Global flags]
     intx CICompilerCount                          = 4                                         {product} {ergonomic}
     uint ConcGCThreads                            = 3                                         {product} {ergonomic}
     uint G1ConcRefinementThreads                  = 10                                        {product} {ergonomic}
   size_t G1HeapRegionSize                         = 2097152                                   {product} {ergonomic}
    uintx GCDrainStackTargetSize                   = 64                                        {product} {ergonomic}
   size_t InitialHeapSize                          = 266338304                                 {product} {ergonomic}
   size_t MarkStackSize                            = 4194304                                   {product} {ergonomic}
   size_t MaxHeapSize                              = 4257218560                                {product} {ergonomic}
   size_t MinHeapDeltaBytes                        = 2097152                                   {product} {ergonomic}
   size_t MinHeapSize                              = 8388608                                   {product} {ergonomic}
    uintx NonNMethodCodeHeapSize                   = 5839372                                {pd product} {ergonomic}
    uintx NonProfiledCodeHeapSize                  = 122909434                              {pd product} {ergonomic}
    uintx ProfiledCodeHeapSize                     = 122909434                              {pd product} {ergonomic}
    uintx ReservedCodeCacheSize                    = 251658240                              {pd product} {ergonomic}
     bool SegmentedCodeCache                       = true                                      {product} {ergonomic}
   size_t SoftMaxHeapSize                          = 4257218560                             {manageable} {ergonomic}
     bool UseCompressedClassPointers               = true                           {product lp64_product} {ergonomic}
     bool UseCompressedOops                        = true                           {product lp64_product} {ergonomic}
     bool UseG1GC                                  = true                                      {product} {ergonomic}
     bool UseLargePagesIndividualAllocation        = false                                  {pd product} {ergonomic}

Logging:
Log output configuration:
 #0: stdout all=warning uptime,level,tags
 #1: stderr all=off uptime,level,tags

Environment Variables:
JAVA_TOOL_OPTIONS=-Dfile.encoding=UTF-8
PATH=c:\program files (x86)\common files\oracle\java\javapath;c:\program files\common files\oracle\java\javapath;c:\programdata\oracle\java\javapath;c:\windows\system32;c:\windows;c:\windows\system32\wbem;c:\windows\system32\windowspowershell\v1.0\;c:\windows\system32\openssh\;c:\program files\dotnet\;c:\windows\system32;c:\windows;c:\windows\system32\wbem;c:\windows\system32\windowspowershell\v1.0\;c:\windows\system32\openssh\;C:\Program Files (x86)\NVIDIA Corporation\PhysX\Common;C:\Users\ysuta\AppData\Local\Programs\Python\Python37\Scripts\;C:\Users\ysuta\AppData\Local\Programs\Python\Python37\;C:\Users\ysuta\AppData\Local\Microsoft\WindowsApps;C:\Users\ysuta\AppData\Local\GitHubDesktop\bin;%USERPROFILE%\AppData\Local\Microsoft\WindowsApps;
USERNAME=ysuta
OS=Windows_NT
PROCESSOR_IDENTIFIER=Intel64 Family 6 Model 158 Stepping 10, GenuineIntel



---------------  S Y S T E M  ---------------

OS:
 Windows 10 , 64 bit Build 19041 (10.0.19041.1202)
OS uptime: 0 days 4:41 hours

CPU: total 12 (initial active 12) (6 cores per cpu, 2 threads per core) family 6 model 158 stepping 10 microcode 0xd2, cx8, cmov, fxsr, ht, mmx, 3dnowpref, sse, sse2, sse3, ssse3, sse4.1, sse4.2, popcnt, lzcnt, tsc, tscinvbit, avx, avx2, aes, erms, clmul, bmi1, bmi2, adx, fma, vzeroupper, clflush, clflushopt

Memory: 4k page, system-wide physical 16233M (2835M free)
TotalPageFile size 65385M (AvailPageFile size 93M)
current process WorkingSet (physical memory assigned to process): 10M, peak: 10M
current process commit charge ("private bytes"): 64M, peak: 318M

vm_info: Java HotSpot(TM) 64-Bit Server VM (17+35-LTS-2724) for windows-amd64 JRE (17+35-LTS-2724), built on Aug  5 2021 23:28:28 by "mach5one" with MS VC++ 16.8 (VS2019)

END.
